<?xml version="1.0" encoding="UTF-8"?>
<coverage generated="1592671617017" clover="3.2.0">
  <project timestamp="1592671617017" name="All files">
    <metrics statements="24" coveredstatements="17" conditionals="0" coveredconditionals="0" methods="6" coveredmethods="3" elements="30" coveredelements="20" complexity="0" loc="24" ncloc="24" packages="1" files="1" classes="1"/>
    <file name="handler.js" path="/mnt/c/Users/pazzu/Documents/Github/platform-2020/backend/teams/handler.js">
      <metrics statements="24" coveredstatements="17" conditionals="0" coveredconditionals="0" methods="6" coveredmethods="3"/>
      <line num="1" count="3" type="stmt"/>
      <line num="2" count="3" type="stmt"/>
      <line num="4" count="3" type="stmt"/>
      <line num="8" count="3" type="stmt"/>
      <line num="9" count="3" type="stmt"/>
      <line num="11" count="3" type="stmt"/>
      <line num="16" count="3" type="stmt"/>
      <line num="17" count="3" type="stmt"/>
      <line num="20" count="3" type="stmt"/>
      <line num="21" count="8" type="stmt"/>
      <line num="25" count="3" type="stmt"/>
      <line num="28" count="3" type="stmt"/>
      <line num="34" count="3" type="stmt"/>
      <line num="35" count="3" type="stmt"/>
      <line num="38" count="3" type="stmt"/>
      <line num="39" count="0" type="stmt"/>
      <line num="42" count="3" type="stmt"/>
      <line num="43" count="0" type="stmt"/>
      <line num="46" count="3" type="stmt"/>
      <line num="47" count="0" type="stmt"/>
      <line num="48" count="0" type="stmt"/>
      <line num="51" count="0" type="stmt"/>
      <line num="58" count="0" type="stmt"/>
      <line num="61" count="0" type="stmt"/>
    </file>
  </project>
</coverage>
