{"/mnt/c/Users/pazzu/Documents/Github/platform-2020/backend/teams/handler.js": {"path":"/mnt/c/Users/pazzu/Documents/Github/platform-2020/backend/teams/handler.js","statementMap":{"0":{"start":{"line":1,"column":12},"end":{"line":1,"column":30}},"1":{"start":{"line":2,"column":13},"end":{"line":2,"column":28}},"2":{"start":{"line":4,"column":0},"end":{"line":4,"column":40}},"3":{"start":{"line":8,"column":15},"end":{"line":8,"column":37}},"4":{"start":{"line":9,"column":14},"end":{"line":9,"column":58}},"5":{"start":{"line":11,"column":17},"end":{"line":14,"column":3}},"6":{"start":{"line":16,"column":13},"end":{"line":16,"column":22}},"7":{"start":{"line":17,"column":2},"end":{"line":17,"column":15}},"8":{"start":{"line":20,"column":2},"end":{"line":22,"column":5}},"9":{"start":{"line":21,"column":4},"end":{"line":21,"column":33}},"10":{"start":{"line":25,"column":17},"end":{"line":25,"column":52}},"11":{"start":{"line":28,"column":2},"end":{"line":31,"column":4}},"12":{"start":{"line":34,"column":0},"end":{"line":36,"column":2}},"13":{"start":{"line":35,"column":2},"end":{"line":35,"column":68}},"14":{"start":{"line":38,"column":0},"end":{"line":40,"column":2}},"15":{"start":{"line":39,"column":2},"end":{"line":39,"column":70}},"16":{"start":{"line":42,"column":0},"end":{"line":44,"column":2}},"17":{"start":{"line":43,"column":2},"end":{"line":43,"column":74}},"18":{"start":{"line":46,"column":0},"end":{"line":65,"column":2}},"19":{"start":{"line":47,"column":15},"end":{"line":47,"column":37}},"20":{"start":{"line":48,"column":14},"end":{"line":48,"column":58}},"21":{"start":{"line":51,"column":24},"end":{"line":56,"column":3}},"22":{"start":{"line":58,"column":24},"end":{"line":58,"column":69}},"23":{"start":{"line":61,"column":2},"end":{"line":64,"column":4}}},"fnMap":{"0":{"name":"post_request_body_to_table","decl":{"start":{"line":7,"column":15},"end":{"line":7,"column":41}},"loc":{"start":{"line":7,"column":61},"end":{"line":32,"column":1}},"line":7},"1":{"name":"(anonymous_1)","decl":{"start":{"line":20,"column":28},"end":{"line":20,"column":29}},"loc":{"start":{"line":20,"column":33},"end":{"line":22,"column":3}},"line":20},"2":{"name":"(anonymous_2)","decl":{"start":{"line":34,"column":29},"end":{"line":34,"column":30}},"loc":{"start":{"line":34,"column":44},"end":{"line":36,"column":1}},"line":34},"3":{"name":"(anonymous_3)","decl":{"start":{"line":38,"column":32},"end":{"line":38,"column":33}},"loc":{"start":{"line":38,"column":47},"end":{"line":40,"column":1}},"line":38},"4":{"name":"(anonymous_4)","decl":{"start":{"line":42,"column":27},"end":{"line":42,"column":28}},"loc":{"start":{"line":42,"column":42},"end":{"line":44,"column":1}},"line":42},"5":{"name":"(anonymous_5)","decl":{"start":{"line":46,"column":28},"end":{"line":46,"column":29}},"loc":{"start":{"line":46,"column":43},"end":{"line":65,"column":1}},"line":46}},"branchMap":{},"s":{"0":3,"1":3,"2":3,"3":3,"4":3,"5":3,"6":3,"7":3,"8":3,"9":8,"10":3,"11":3,"12":3,"13":3,"14":3,"15":0,"16":3,"17":0,"18":3,"19":0,"20":0,"21":0,"22":0,"23":0},"f":{"0":3,"1":8,"2":3,"3":0,"4":0,"5":0},"b":{},"_coverageSchema":"43e27e138ebf9cfc5966b082cf9a028302ed4184","hash":"4fed170b2856f6dc8a70c1d49d91f2d064406acd"}
}
