TN:
SF:/mnt/c/Users/pazzu/Documents/Github/platform-2020/backend/teams/handler.js
FN:7,post_request_body_to_table
FN:20,(anonymous_1)
FN:34,(anonymous_2)
FN:38,(anonymous_3)
FN:42,(anonymous_4)
FN:46,(anonymous_5)
FNF:6
FNH:3
FNDA:3,post_request_body_to_table
FNDA:8,(anonymous_1)
FNDA:3,(anonymous_2)
FNDA:0,(anonymous_3)
FNDA:0,(anonymous_4)
FNDA:0,(anonymous_5)
DA:1,3
DA:2,3
DA:4,3
DA:8,3
DA:9,3
DA:11,3
DA:16,3
DA:17,3
DA:20,3
DA:21,8
DA:25,3
DA:28,3
DA:34,3
DA:35,3
DA:38,3
DA:39,0
DA:42,3
DA:43,0
DA:46,3
DA:47,0
DA:48,0
DA:51,0
DA:58,0
DA:61,0
LF:24
LH:17
BRF:0
BRH:0
end_of_record
